<?xml version="1.0" encoding="UTF-8"?>
<testng-results skipped="0" failed="0" ignored="0" total="1" passed="1">
  <reporter-output>
  </reporter-output>
  <suite name="Default suite" duration-ms="103" started-at="2017-09-10T15:21:19Z" finished-at="2017-09-10T15:21:19Z">
    <groups>
    </groups>
    <test name="Default test" duration-ms="103" started-at="2017-09-10T15:21:19Z" finished-at="2017-09-10T15:21:19Z">
      <class name="mylog.selenium.LoggingTest">
        <test-method status="PASS" signature="initialize()[pri:0, instance:mylog.selenium.LoggingTest@e2cbe0]" name="initialize" is-config="true" duration-ms="57" started-at="2017-09-10T20:51:19Z" finished-at="2017-09-10T20:51:19Z">
          <reporter-output>
          </reporter-output>
        </test-method> <!-- initialize -->
        <test-method status="PASS" signature="runme()[pri:0, instance:mylog.selenium.LoggingTest@e2cbe0]" name="runme" duration-ms="14" started-at="2017-09-10T20:51:19Z" finished-at="2017-09-10T20:51:19Z">
          <reporter-output>
          </reporter-output>
        </test-method> <!-- runme -->
      </class> <!-- mylog.selenium.LoggingTest -->
    </test> <!-- Default test -->
  </suite> <!-- Default suite -->
</testng-results>
